-------------------------------------------------------------------------------
Test set: com.tecsup.SpringMVC.controller.EmployeeControllerIntegrationTest
-------------------------------------------------------------------------------
Tests run: 3, Failures: 2, Errors: 0, Skipped: 0, Time elapsed: 2.457 sec <<< FAILURE!
list(com.tecsup.SpringMVC.controller.EmployeeControllerIntegrationTest)  Time elapsed: 0.544 sec  <<< FAILURE!
java.lang.AssertionError: Model attribute 'employees'
Expected: a collection containing (hasProperty("employeeId", is <100>) and hasProperty("login", is "jgomez") and hasProperty("password", is "123456") and hasProperty("firstname", is "Jaime") and hasProperty("lastname", is "Gomez") and hasProperty("salary", is <2505>))
     but: hasProperty("employeeId", is <100>) property 'employeeId' was "100", hasProperty("employeeId", is <100>) property 'employeeId' was "101", hasProperty("employeeId", is <100>) property 'employeeId' was "103", hasProperty("employeeId", is <100>) property 'employeeId' was "104", hasProperty("employeeId", is <100>) property 'employeeId' was "106", hasProperty("employeeId", is <100>) property 'employeeId' was "109", hasProperty("employeeId", is <100>) property 'employeeId' was "111", hasProperty("employeeId", is <100>) property 'employeeId' was "112", hasProperty("employeeId", is <100>) property 'employeeId' was "114", hasProperty("employeeId", is <100>) property 'employeeId' was "115", hasProperty("employeeId", is <100>) property 'employeeId' was "117", hasProperty("employeeId", is <100>) property 'employeeId' was "118", hasProperty("employeeId", is <100>) property 'employeeId' was "119", hasProperty("employeeId", is <100>) property 'employeeId' was "121", hasProperty("employeeId", is <100>) property 'employeeId' was "122", hasProperty("employeeId", is <100>) property 'employeeId' was "124", hasProperty("employeeId", is <100>) property 'employeeId' was "125", hasProperty("employeeId", is <100>) property 'employeeId' was "127", hasProperty("employeeId", is <100>) property 'employeeId' was "128", hasProperty("employeeId", is <100>) property 'employeeId' was "130", hasProperty("employeeId", is <100>) property 'employeeId' was "131", hasProperty("employeeId", is <100>) property 'employeeId' was "133", hasProperty("employeeId", is <100>) property 'employeeId' was "134", hasProperty("employeeId", is <100>) property 'employeeId' was "135", hasProperty("employeeId", is <100>) property 'employeeId' was "136", hasProperty("employeeId", is <100>) property 'employeeId' was "138", hasProperty("employeeId", is <100>) property 'employeeId' was "139", hasProperty("employeeId", is <100>) property 'employeeId' was "141", hasProperty("employeeId", is <100>) property 'employeeId' was "142", hasProperty("employeeId", is <100>) property 'employeeId' was "144", hasProperty("employeeId", is <100>) property 'employeeId' was "145", hasProperty("employeeId", is <100>) property 'employeeId' was "147", hasProperty("employeeId", is <100>) property 'employeeId' was "148", hasProperty("employeeId", is <100>) property 'employeeId' was "150", hasProperty("employeeId", is <100>) property 'employeeId' was "151", hasProperty("employeeId", is <100>) property 'employeeId' was "153", hasProperty("employeeId", is <100>) property 'employeeId' was "154", hasProperty("employeeId", is <100>) property 'employeeId' was "156", hasProperty("employeeId", is <100>) property 'employeeId' was "157", hasProperty("employeeId", is <100>) property 'employeeId' was "159", hasProperty("employeeId", is <100>) property 'employeeId' was "160", hasProperty("employeeId", is <100>) property 'employeeId' was "162", hasProperty("employeeId", is <100>) property 'employeeId' was "163", hasProperty("employeeId", is <100>) property 'employeeId' was "165", hasProperty("employeeId", is <100>) property 'employeeId' was "168", hasProperty("employeeId", is <100>) property 'employeeId' was "169", hasProperty("employeeId", is <100>) property 'employeeId' was "171", hasProperty("employeeId", is <100>) property 'employeeId' was "172", hasProperty("employeeId", is <100>) property 'employeeId' was "174", hasProperty("employeeId", is <100>) property 'employeeId' was "175", hasProperty("employeeId", is <100>) property 'employeeId' was "177", hasProperty("employeeId", is <100>) property 'employeeId' was "178", hasProperty("employeeId", is <100>) property 'employeeId' was "180", hasProperty("employeeId", is <100>) property 'employeeId' was "181", hasProperty("employeeId", is <100>) property 'employeeId' was "183", hasProperty("employeeId", is <100>) property 'employeeId' was "184", hasProperty("employeeId", is <100>) property 'employeeId' was "187", hasProperty("employeeId", is <100>) property 'employeeId' was "189", hasProperty("employeeId", is <100>) property 'employeeId' was "190", hasProperty("employeeId", is <100>) property 'employeeId' was "196", hasProperty("employeeId", is <100>) property 'employeeId' was "199", hasProperty("employeeId", is <100>) property 'employeeId' was "201", hasProperty("employeeId", is <100>) property 'employeeId' was "202", hasProperty("employeeId", is <100>) property 'employeeId' was "205", hasProperty("employeeId", is <100>) property 'employeeId' was "208", hasProperty("employeeId", is <100>) property 'employeeId' was "213", hasProperty("employeeId", is <100>) property 'employeeId' was "219", hasProperty("employeeId", is <100>) property 'employeeId' was "222", hasProperty("employeeId", is <100>) property 'employeeId' was "223", hasProperty("employeeId", is <100>) property 'employeeId' was "229", hasProperty("employeeId", is <100>) property 'employeeId' was "231", hasProperty("employeeId", is <100>) property 'employeeId' was "232", hasProperty("employeeId", is <100>) property 'employeeId' was "233", hasProperty("employeeId", is <100>) property 'employeeId' was "234", hasProperty("employeeId", is <100>) property 'employeeId' was "237", hasProperty("employeeId", is <100>) property 'employeeId' was "238", hasProperty("employeeId", is <100>) property 'employeeId' was "240", hasProperty("employeeId", is <100>) property 'employeeId' was "241", hasProperty("employeeId", is <100>) property 'employeeId' was "243", hasProperty("employeeId", is <100>) property 'employeeId' was "246", hasProperty("employeeId", is <100>) property 'employeeId' was "247", hasProperty("employeeId", is <100>) property 'employeeId' was "258", hasProperty("employeeId", is <100>) property 'employeeId' was "261", hasProperty("employeeId", is <100>) property 'employeeId' was "264", hasProperty("employeeId", is <100>) property 'employeeId' was "265", hasProperty("employeeId", is <100>) property 'employeeId' was "268", hasProperty("employeeId", is <100>) property 'employeeId' was "270", hasProperty("employeeId", is <100>) property 'employeeId' was "271", hasProperty("employeeId", is <100>) property 'employeeId' was "274", hasProperty("employeeId", is <100>) property 'employeeId' was "276", hasProperty("employeeId", is <100>) property 'employeeId' was "277", hasProperty("employeeId", is <100>) property 'employeeId' was "279", hasProperty("employeeId", is <100>) property 'employeeId' was "280", hasProperty("employeeId", is <100>) property 'employeeId' was "282", hasProperty("employeeId", is <100>) property 'employeeId' was "286", hasProperty("employeeId", is <100>) property 'employeeId' was "288", hasProperty("employeeId", is <100>) property 'employeeId' was "292", hasProperty("employeeId", is <100>) property 'employeeId' was "294", hasProperty("employeeId", is <100>) property 'employeeId' was "300", hasProperty("employeeId", is <100>) property 'employeeId' was "307", hasProperty("employeeId", is <100>) property 'employeeId' was "310", hasProperty("employeeId", is <100>) property 'employeeId' was "313", hasProperty("employeeId", is <100>) property 'employeeId' was "315", hasProperty("employeeId", is <100>) property 'employeeId' was "319", hasProperty("employeeId", is <100>) property 'employeeId' was "324", hasProperty("employeeId", is <100>) property 'employeeId' was "328", hasProperty("employeeId", is <100>) property 'employeeId' was "330", hasProperty("employeeId", is <100>) property 'employeeId' was "331", hasProperty("employeeId", is <100>) property 'employeeId' was "334", hasProperty("employeeId", is <100>) property 'employeeId' was "340", hasProperty("employeeId", is <100>) property 'employeeId' was "342", hasProperty("employeeId", is <100>) property 'employeeId' was "343", hasProperty("employeeId", is <100>) property 'employeeId' was "345", hasProperty("employeeId", is <100>) property 'employeeId' was "351", hasProperty("employeeId", is <100>) property 'employeeId' was "355", hasProperty("employeeId", is <100>) property 'employeeId' was "357", hasProperty("employeeId", is <100>) property 'employeeId' was "358", hasProperty("employeeId", is <100>) property 'employeeId' was "361", hasProperty("employeeId", is <100>) property 'employeeId' was "363", hasProperty("employeeId", is <100>) property 'employeeId' was "364", hasProperty("employeeId", is <100>) property 'employeeId' was "366", hasProperty("employeeId", is <100>) property 'employeeId' was "369", hasProperty("employeeId", is <100>) property 'employeeId' was "375", hasProperty("employeeId", is <100>) property 'employeeId' was "379", hasProperty("employeeId", is <100>) property 'employeeId' was "384", hasProperty("employeeId", is <100>) property 'employeeId' was "385", hasProperty("employeeId", is <100>) property 'employeeId' was "388", hasProperty("employeeId", is <100>) property 'employeeId' was "390", hasProperty("employeeId", is <100>) property 'employeeId' was "391", hasProperty("employeeId", is <100>) property 'employeeId' was "393", hasProperty("employeeId", is <100>) property 'employeeId' was "396", hasProperty("employeeId", is <100>) property 'employeeId' was "399", hasProperty("employeeId", is <100>) property 'employeeId' was "403", hasProperty("employeeId", is <100>) property 'employeeId' was "405", hasProperty("employeeId", is <100>) property 'employeeId' was "408", hasProperty("employeeId", is <100>) property 'employeeId' was "409", hasProperty("employeeId", is <100>) property 'employeeId' was "414", hasProperty("employeeId", is <100>) property 'employeeId' was "418", hasProperty("employeeId", is <100>) property 'employeeId' was "420", hasProperty("employeeId", is <100>) property 'employeeId' was "426", hasProperty("employeeId", is <100>) property 'employeeId' was "427", hasProperty("employeeId", is <100>) property 'employeeId' was "429", hasProperty("employeeId", is <100>) property 'employeeId' was "435", hasProperty("employeeId", is <100>) property 'employeeId' was "436", hasProperty("employeeId", is <100>) property 'employeeId' was "438", hasProperty("employeeId", is <100>) property 'employeeId' was "439", hasProperty("employeeId", is <100>) property 'employeeId' was "455", hasProperty("employeeId", is <100>) property 'employeeId' was "456", hasProperty("employeeId", is <100>) property 'employeeId' was "458", hasProperty("employeeId", is <100>) property 'employeeId' was "460", hasProperty("employeeId", is <100>) property 'employeeId' was "466", hasProperty("employeeId", is <100>) property 'employeeId' was "468", hasProperty("employeeId", is <100>) property 'employeeId' was "469", hasProperty("employeeId", is <100>) property 'employeeId' was "474", hasProperty("employeeId", is <100>) property 'employeeId' was "475", hasProperty("employeeId", is <100>) property 'employeeId' was "477", hasProperty("employeeId", is <100>) property 'employeeId' was "478", hasProperty("employeeId", is <100>) property 'employeeId' was "480", hasProperty("employeeId", is <100>) property 'employeeId' was "481", hasProperty("employeeId", is <100>) property 'employeeId' was "484", hasProperty("employeeId", is <100>) property 'employeeId' was "486", hasProperty("employeeId", is <100>) property 'employeeId' was "489", hasProperty("employeeId", is <100>) property 'employeeId' was "492", hasProperty("employeeId", is <100>) property 'employeeId' was "493", hasProperty("employeeId", is <100>) property 'employeeId' was "495", hasProperty("employeeId", is <100>) property 'employeeId' was "496", hasProperty("employeeId", is <100>) property 'employeeId' was "498", hasProperty("employeeId", is <100>) property 'employeeId' was "499", hasProperty("employeeId", is <100>) property 'employeeId' was "504", hasProperty("employeeId", is <100>) property 'employeeId' was "507", hasProperty("employeeId", is <100>) property 'employeeId' was "508", hasProperty("employeeId", is <100>) property 'employeeId' was "510", hasProperty("employeeId", is <100>) property 'employeeId' was "511", hasProperty("employeeId", is <100>) property 'employeeId' was "513", hasProperty("employeeId", is <100>) property 'employeeId' was "514", hasProperty("employeeId", is <100>) property 'employeeId' was "516", hasProperty("employeeId", is <100>) property 'employeeId' was "519", hasProperty("employeeId", is <100>) property 'employeeId' was "520", hasProperty("employeeId", is <100>) property 'employeeId' was "522", hasProperty("employeeId", is <100>) property 'employeeId' was "523", hasProperty("employeeId", is <100>) property 'employeeId' was "525", hasProperty("employeeId", is <100>) property 'employeeId' was "526"
	at org.hamcrest.MatcherAssert.assertThat(MatcherAssert.java:20)
	at org.springframework.test.web.servlet.result.ModelResultMatchers.lambda$attribute$0(ModelResultMatchers.java:58)
	at org.springframework.test.web.servlet.MockMvc$1.andExpect(MockMvc.java:164)
	at com.tecsup.SpringMVC.controller.EmployeeControllerIntegrationTest.list(EmployeeControllerIntegrationTest.java:53)
	at sun.reflect.NativeMethodAccessorImpl.invoke0(Native Method)
	at sun.reflect.NativeMethodAccessorImpl.invoke(NativeMethodAccessorImpl.java:62)
	at sun.reflect.DelegatingMethodAccessorImpl.invoke(DelegatingMethodAccessorImpl.java:43)
	at java.lang.reflect.Method.invoke(Method.java:498)
	at org.junit.runners.model.FrameworkMethod$1.runReflectiveCall(FrameworkMethod.java:50)
	at org.junit.internal.runners.model.ReflectiveCallable.run(ReflectiveCallable.java:12)
	at org.junit.runners.model.FrameworkMethod.invokeExplosively(FrameworkMethod.java:47)
	at org.junit.internal.runners.statements.InvokeMethod.evaluate(InvokeMethod.java:17)
	at org.springframework.test.context.junit4.statements.RunBeforeTestExecutionCallbacks.evaluate(RunBeforeTestExecutionCallbacks.java:73)
	at org.springframework.test.context.junit4.statements.RunAfterTestExecutionCallbacks.evaluate(RunAfterTestExecutionCallbacks.java:83)
	at org.junit.internal.runners.statements.RunBefores.evaluate(RunBefores.java:26)
	at org.springframework.test.context.junit4.statements.RunBeforeTestMethodCallbacks.evaluate(RunBeforeTestMethodCallbacks.java:75)
	at org.springframework.test.context.junit4.statements.RunAfterTestMethodCallbacks.evaluate(RunAfterTestMethodCallbacks.java:86)
	at org.springframework.test.context.junit4.statements.SpringRepeat.evaluate(SpringRepeat.java:84)
	at org.junit.runners.ParentRunner.runLeaf(ParentRunner.java:325)
	at org.springframework.test.context.junit4.SpringJUnit4ClassRunner.runChild(SpringJUnit4ClassRunner.java:251)
	at org.springframework.test.context.junit4.SpringJUnit4ClassRunner.runChild(SpringJUnit4ClassRunner.java:97)
	at org.junit.runners.ParentRunner$3.run(ParentRunner.java:290)
	at org.junit.runners.ParentRunner$1.schedule(ParentRunner.java:71)
	at org.junit.runners.ParentRunner.runChildren(ParentRunner.java:288)
	at org.junit.runners.ParentRunner.access$000(ParentRunner.java:58)
	at org.junit.runners.ParentRunner$2.evaluate(ParentRunner.java:268)
	at org.springframework.test.context.junit4.statements.RunBeforeTestClassCallbacks.evaluate(RunBeforeTestClassCallbacks.java:61)
	at org.springframework.test.context.junit4.statements.RunAfterTestClassCallbacks.evaluate(RunAfterTestClassCallbacks.java:70)
	at org.junit.runners.ParentRunner.run(ParentRunner.java:363)
	at org.springframework.test.context.junit4.SpringJUnit4ClassRunner.run(SpringJUnit4ClassRunner.java:190)
	at org.apache.maven.surefire.junit4.JUnit4Provider.execute(JUnit4Provider.java:252)
	at org.apache.maven.surefire.junit4.JUnit4Provider.executeTestSet(JUnit4Provider.java:141)
	at org.apache.maven.surefire.junit4.JUnit4Provider.invoke(JUnit4Provider.java:112)
	at sun.reflect.NativeMethodAccessorImpl.invoke0(Native Method)
	at sun.reflect.NativeMethodAccessorImpl.invoke(NativeMethodAccessorImpl.java:62)
	at sun.reflect.DelegatingMethodAccessorImpl.invoke(DelegatingMethodAccessorImpl.java:43)
	at java.lang.reflect.Method.invoke(Method.java:498)
	at org.apache.maven.surefire.util.ReflectionUtils.invokeMethodWithArray(ReflectionUtils.java:189)
	at org.apache.maven.surefire.booter.ProviderFactory$ProviderProxy.invoke(ProviderFactory.java:165)
	at org.apache.maven.surefire.booter.ProviderFactory.invokeProvider(ProviderFactory.java:85)
	at org.apache.maven.surefire.booter.ForkedBooter.runSuitesInProcess(ForkedBooter.java:115)
	at org.apache.maven.surefire.booter.ForkedBooter.main(ForkedBooter.java:75)

editForm(com.tecsup.SpringMVC.controller.EmployeeControllerIntegrationTest)  Time elapsed: 0.079 sec  <<< FAILURE!
java.lang.AssertionError: Model attribute 'command'
Expected: hasProperty("employeeId", is <100>)
     but: property 'employeeId' was "100"
	at org.hamcrest.MatcherAssert.assertThat(MatcherAssert.java:20)
	at org.springframework.test.web.servlet.result.ModelResultMatchers.lambda$attribute$0(ModelResultMatchers.java:58)
	at org.springframework.test.web.servlet.MockMvc$1.andExpect(MockMvc.java:164)
	at com.tecsup.SpringMVC.controller.EmployeeControllerIntegrationTest.editForm(EmployeeControllerIntegrationTest.java:72)
	at sun.reflect.NativeMethodAccessorImpl.invoke0(Native Method)
	at sun.reflect.NativeMethodAccessorImpl.invoke(NativeMethodAccessorImpl.java:62)
	at sun.reflect.DelegatingMethodAccessorImpl.invoke(DelegatingMethodAccessorImpl.java:43)
	at java.lang.reflect.Method.invoke(Method.java:498)
	at org.junit.runners.model.FrameworkMethod$1.runReflectiveCall(FrameworkMethod.java:50)
	at org.junit.internal.runners.model.ReflectiveCallable.run(ReflectiveCallable.java:12)
	at org.junit.runners.model.FrameworkMethod.invokeExplosively(FrameworkMethod.java:47)
	at org.junit.internal.runners.statements.InvokeMethod.evaluate(InvokeMethod.java:17)
	at org.springframework.test.context.junit4.statements.RunBeforeTestExecutionCallbacks.evaluate(RunBeforeTestExecutionCallbacks.java:73)
	at org.springframework.test.context.junit4.statements.RunAfterTestExecutionCallbacks.evaluate(RunAfterTestExecutionCallbacks.java:83)
	at org.junit.internal.runners.statements.RunBefores.evaluate(RunBefores.java:26)
	at org.springframework.test.context.junit4.statements.RunBeforeTestMethodCallbacks.evaluate(RunBeforeTestMethodCallbacks.java:75)
	at org.springframework.test.context.junit4.statements.RunAfterTestMethodCallbacks.evaluate(RunAfterTestMethodCallbacks.java:86)
	at org.springframework.test.context.junit4.statements.SpringRepeat.evaluate(SpringRepeat.java:84)
	at org.junit.runners.ParentRunner.runLeaf(ParentRunner.java:325)
	at org.springframework.test.context.junit4.SpringJUnit4ClassRunner.runChild(SpringJUnit4ClassRunner.java:251)
	at org.springframework.test.context.junit4.SpringJUnit4ClassRunner.runChild(SpringJUnit4ClassRunner.java:97)
	at org.junit.runners.ParentRunner$3.run(ParentRunner.java:290)
	at org.junit.runners.ParentRunner$1.schedule(ParentRunner.java:71)
	at org.junit.runners.ParentRunner.runChildren(ParentRunner.java:288)
	at org.junit.runners.ParentRunner.access$000(ParentRunner.java:58)
	at org.junit.runners.ParentRunner$2.evaluate(ParentRunner.java:268)
	at org.springframework.test.context.junit4.statements.RunBeforeTestClassCallbacks.evaluate(RunBeforeTestClassCallbacks.java:61)
	at org.springframework.test.context.junit4.statements.RunAfterTestClassCallbacks.evaluate(RunAfterTestClassCallbacks.java:70)
	at org.junit.runners.ParentRunner.run(ParentRunner.java:363)
	at org.springframework.test.context.junit4.SpringJUnit4ClassRunner.run(SpringJUnit4ClassRunner.java:190)
	at org.apache.maven.surefire.junit4.JUnit4Provider.execute(JUnit4Provider.java:252)
	at org.apache.maven.surefire.junit4.JUnit4Provider.executeTestSet(JUnit4Provider.java:141)
	at org.apache.maven.surefire.junit4.JUnit4Provider.invoke(JUnit4Provider.java:112)
	at sun.reflect.NativeMethodAccessorImpl.invoke0(Native Method)
	at sun.reflect.NativeMethodAccessorImpl.invoke(NativeMethodAccessorImpl.java:62)
	at sun.reflect.DelegatingMethodAccessorImpl.invoke(DelegatingMethodAccessorImpl.java:43)
	at java.lang.reflect.Method.invoke(Method.java:498)
	at org.apache.maven.surefire.util.ReflectionUtils.invokeMethodWithArray(ReflectionUtils.java:189)
	at org.apache.maven.surefire.booter.ProviderFactory$ProviderProxy.invoke(ProviderFactory.java:165)
	at org.apache.maven.surefire.booter.ProviderFactory.invokeProvider(ProviderFactory.java:85)
	at org.apache.maven.surefire.booter.ForkedBooter.runSuitesInProcess(ForkedBooter.java:115)
	at org.apache.maven.surefire.booter.ForkedBooter.main(ForkedBooter.java:75)

