<?xml version="1.0" encoding="UTF-8" ?>
<testsuite tests="3" failures="2" name="com.tecsup.SpringMVC.controller.EmployeeControllerIntegrationTest" time="0.649" errors="0" skipped="0">
  <properties>
[...]
</properties>
  <testcase classname="com.tecsup.SpringMVC.controller.EmployeeControllerIntegrationTest" name="list" time="0.544">
    <failure message="Model attribute &apos;employees&apos;
Expected: a collection containing (hasProperty(&quot;employeeId&quot;, is &lt;100&gt;) and hasProperty(&quot;login&quot;, is &quot;jgomez&quot;) and hasProperty(&quot;password&quot;, is &quot;123456&quot;) and hasProperty(&quot;firstname&quot;, is &quot;Jaime&quot;) and hasProperty(&quot;lastname&quot;, is &quot;Gomez&quot;) and hasProperty(&quot;salary&quot;, is &lt;2505&gt;))
     but: hasProperty(&quot;employeeId&quot;, is &lt;100&gt;) property &apos;employeeId&apos; was &quot;100&quot;, hasProperty(&quot;employeeId&quot;, is &lt;100&gt;) property &apos;employeeId&apos; was &quot;101&quot;, hasProperty(&quot;employeeId&quot;, is &lt;100&gt;) property &apos;employeeId&apos; was &quot;103&quot;, hasProperty(&quot;employeeId&quot;, is &lt;100&gt;) property &apos;employeeId&apos; was &quot;104&quot;, hasProperty(&quot;employeeId&quot;, is &lt;100&gt;) property &apos;employeeId&apos; was &quot;106&quot;, hasProperty(&quot;employeeId&quot;, is &lt;100&gt;) property &apos;employeeId&apos; was &quot;109&quot;, hasProperty(&quot;employeeId&quot;, is &lt;100&gt;) property &apos;employeeId&apos; was &quot;111&quot;, hasProperty(&quot;employeeId&quot;, is &lt;100&gt;) property &apos;employeeId&apos; was &quot;112&quot;, hasProperty(&quot;employeeId&quot;, is &lt;100&gt;) property &apos;employeeId&apos; was &quot;114&quot;, hasProperty(&quot;employeeId&quot;, is &lt;100&gt;) property &apos;employeeId&apos; was &quot;115&quot;, hasProperty(&quot;employeeId&quot;, is &lt;100&gt;) property &apos;employeeId&apos; was &quot;117&quot;, hasProperty(&quot;employeeId&quot;, is &lt;100&gt;) property &apos;employeeId&apos; was &quot;118&quot;, hasProperty(&quot;employeeId&quot;, is &lt;100&gt;) property &apos;employeeId&apos; was &quot;119&quot;, hasProperty(&quot;employeeId&quot;, is &lt;100&gt;) property &apos;employeeId&apos; was &quot;121&quot;, hasProperty(&quot;employeeId&quot;, is &lt;100&gt;) property &apos;employeeId&apos; was &quot;122&quot;, hasProperty(&quot;employeeId&quot;, is &lt;100&gt;) property &apos;employeeId&apos; was &quot;124&quot;, hasProperty(&quot;employeeId&quot;, is &lt;100&gt;) property &apos;employeeId&apos; was &quot;125&quot;, hasProperty(&quot;employeeId&quot;, is &lt;100&gt;) property &apos;employeeId&apos; was &quot;127&quot;, hasProperty(&quot;employeeId&quot;, is &lt;100&gt;) property &apos;employeeId&apos; was &quot;128&quot;, hasProperty(&quot;employeeId&quot;, is &lt;100&gt;) property &apos;employeeId&apos; was &quot;130&quot;, hasProperty(&quot;employeeId&quot;, is &lt;100&gt;) property &apos;employeeId&apos; was &quot;131&quot;, hasProperty(&quot;employeeId&quot;, is &lt;100&gt;) property &apos;employeeId&apos; was &quot;133&quot;, hasProperty(&quot;employeeId&quot;, is &lt;100&gt;) property &apos;employeeId&apos; was &quot;134&quot;, hasProperty(&quot;employeeId&quot;, is &lt;100&gt;) property &apos;employeeId&apos; was &quot;135&quot;, hasProperty(&quot;employeeId&quot;, is &lt;100&gt;) property &apos;employeeId&apos; was &quot;136&quot;, hasProperty(&quot;employeeId&quot;, is &lt;100&gt;) property &apos;employeeId&apos; was &quot;138&quot;, hasProperty(&quot;employeeId&quot;, is &lt;100&gt;) property &apos;employeeId&apos; was &quot;139&quot;, hasProperty(&quot;employeeId&quot;, is &lt;100&gt;) property &apos;employeeId&apos; was &quot;141&quot;, hasProperty(&quot;employeeId&quot;, is &lt;100&gt;) property &apos;employeeId&apos; was &quot;142&quot;, hasProperty(&quot;employeeId&quot;, is &lt;100&gt;) property &apos;employeeId&apos; was &quot;144&quot;, hasProperty(&quot;employeeId&quot;, is &lt;100&gt;) property &apos;employeeId&apos; was &quot;145&quot;, hasProperty(&quot;employeeId&quot;, is &lt;100&gt;) property &apos;employeeId&apos; was &quot;147&quot;, hasProperty(&quot;employeeId&quot;, is &lt;100&gt;) property &apos;employeeId&apos; was &quot;148&quot;, hasProperty(&quot;employeeId&quot;, is &lt;100&gt;) property &apos;employeeId&apos; was &quot;150&quot;, hasProperty(&quot;employeeId&quot;, is &lt;100&gt;) property &apos;employeeId&apos; was &quot;151&quot;, hasProperty(&quot;employeeId&quot;, is &lt;100&gt;) property &apos;employeeId&apos; was &quot;153&quot;, hasProperty(&quot;employeeId&quot;, is &lt;100&gt;) property &apos;employeeId&apos; was &quot;154&quot;, hasProperty(&quot;employeeId&quot;, is &lt;100&gt;) property &apos;employeeId&apos; was &quot;156&quot;, hasProperty(&quot;employeeId&quot;, is &lt;100&gt;) property &apos;employeeId&apos; was &quot;157&quot;, hasProperty(&quot;employeeId&quot;, is &lt;100&gt;) property &apos;employeeId&apos; was &quot;159&quot;, hasProperty(&quot;employeeId&quot;, is &lt;100&gt;) property &apos;employeeId&apos; was &quot;160&quot;, hasProperty(&quot;employeeId&quot;, is &lt;100&gt;) property &apos;employeeId&apos; was &quot;162&quot;, hasProperty(&quot;employeeId&quot;, is &lt;100&gt;) property &apos;employeeId&apos; was &quot;163&quot;, hasProperty(&quot;employeeId&quot;, is &lt;100&gt;) property &apos;employeeId&apos; was &quot;165&quot;, hasProperty(&quot;employeeId&quot;, is &lt;100&gt;) property &apos;employeeId&apos; was &quot;168&quot;, hasProperty(&quot;employeeId&quot;, is &lt;100&gt;) property &apos;employeeId&apos; was &quot;169&quot;, hasProperty(&quot;employeeId&quot;, is &lt;100&gt;) property &apos;employeeId&apos; was &quot;171&quot;, hasProperty(&quot;employeeId&quot;, is &lt;100&gt;) property &apos;employeeId&apos; was &quot;172&quot;, hasProperty(&quot;employeeId&quot;, is &lt;100&gt;) property &apos;employeeId&apos; was &quot;174&quot;, hasProperty(&quot;employeeId&quot;, is &lt;100&gt;) property &apos;employeeId&apos; was &quot;175&quot;, hasProperty(&quot;employeeId&quot;, is &lt;100&gt;) property &apos;employeeId&apos; was &quot;177&quot;, hasProperty(&quot;employeeId&quot;, is &lt;100&gt;) property &apos;employeeId&apos; was &quot;178&quot;, hasProperty(&quot;employeeId&quot;, is &lt;100&gt;) property &apos;employeeId&apos; was &quot;180&quot;, hasProperty(&quot;employeeId&quot;, is &lt;100&gt;) property &apos;employeeId&apos; was &quot;181&quot;, hasProperty(&quot;employeeId&quot;, is &lt;100&gt;) property &apos;employeeId&apos; was &quot;183&quot;, hasProperty(&quot;employeeId&quot;, is &lt;100&gt;) property &apos;employeeId&apos; was &quot;184&quot;, hasProperty(&quot;employeeId&quot;, is &lt;100&gt;) property &apos;employeeId&apos; was &quot;187&quot;, hasProperty(&quot;employeeId&quot;, is &lt;100&gt;) property &apos;employeeId&apos; was &quot;189&quot;, hasProperty(&quot;employeeId&quot;, is &lt;100&gt;) property &apos;employeeId&apos; was &quot;190&quot;, hasProperty(&quot;employeeId&quot;, is &lt;100&gt;) property &apos;employeeId&apos; was &quot;196&quot;, hasProperty(&quot;employeeId&quot;, is &lt;100&gt;) property &apos;employeeId&apos; was &quot;199&quot;, hasProperty(&quot;employeeId&quot;, is &lt;100&gt;) property &apos;employeeId&apos; was &quot;201&quot;, hasProperty(&quot;employeeId&quot;, is &lt;100&gt;) property &apos;employeeId&apos; was &quot;202&quot;, hasProperty(&quot;employeeId&quot;, is &lt;100&gt;) property &apos;employeeId&apos; was &quot;205&quot;, hasProperty(&quot;employeeId&quot;, is &lt;100&gt;) property &apos;employeeId&apos; was &quot;208&quot;, hasProperty(&quot;employeeId&quot;, is &lt;100&gt;) property &apos;employeeId&apos; was &quot;213&quot;, hasProperty(&quot;employeeId&quot;, is &lt;100&gt;) property &apos;employeeId&apos; was &quot;219&quot;, hasProperty(&quot;employeeId&quot;, is &lt;100&gt;) property &apos;employeeId&apos; was &quot;222&quot;, hasProperty(&quot;employeeId&quot;, is &lt;100&gt;) property &apos;employeeId&apos; was &quot;223&quot;, hasProperty(&quot;employeeId&quot;, is &lt;100&gt;) property &apos;employeeId&apos; was &quot;229&quot;, hasProperty(&quot;employeeId&quot;, is &lt;100&gt;) property &apos;employeeId&apos; was &quot;231&quot;, hasProperty(&quot;employeeId&quot;, is &lt;100&gt;) property &apos;employeeId&apos; was &quot;232&quot;, hasProperty(&quot;employeeId&quot;, is &lt;100&gt;) property &apos;employeeId&apos; was &quot;233&quot;, hasProperty(&quot;employeeId&quot;, is &lt;100&gt;) property &apos;employeeId&apos; was &quot;234&quot;, hasProperty(&quot;employeeId&quot;, is &lt;100&gt;) property &apos;employeeId&apos; was &quot;237&quot;, hasProperty(&quot;employeeId&quot;, is &lt;100&gt;) property &apos;employeeId&apos; was &quot;238&quot;, hasProperty(&quot;employeeId&quot;, is &lt;100&gt;) property &apos;employeeId&apos; was &quot;240&quot;, hasProperty(&quot;employeeId&quot;, is &lt;100&gt;) property &apos;employeeId&apos; was &quot;241&quot;, hasProperty(&quot;employeeId&quot;, is &lt;100&gt;) property &apos;employeeId&apos; was &quot;243&quot;, hasProperty(&quot;employeeId&quot;, is &lt;100&gt;) property &apos;employeeId&apos; was &quot;246&quot;, hasProperty(&quot;employeeId&quot;, is &lt;100&gt;) property &apos;employeeId&apos; was &quot;247&quot;, hasProperty(&quot;employeeId&quot;, is &lt;100&gt;) property &apos;employeeId&apos; was &quot;258&quot;, hasProperty(&quot;employeeId&quot;, is &lt;100&gt;) property &apos;employeeId&apos; was &quot;261&quot;, hasProperty(&quot;employeeId&quot;, is &lt;100&gt;) property &apos;employeeId&apos; was &quot;264&quot;, hasProperty(&quot;employeeId&quot;, is &lt;100&gt;) property &apos;employeeId&apos; was &quot;265&quot;, hasProperty(&quot;employeeId&quot;, is &lt;100&gt;) property &apos;employeeId&apos; was &quot;268&quot;, hasProperty(&quot;employeeId&quot;, is &lt;100&gt;) property &apos;employeeId&apos; was &quot;270&quot;, hasProperty(&quot;employeeId&quot;, is &lt;100&gt;) property &apos;employeeId&apos; was &quot;271&quot;, hasProperty(&quot;employeeId&quot;, is &lt;100&gt;) property &apos;employeeId&apos; was &quot;274&quot;, hasProperty(&quot;employeeId&quot;, is &lt;100&gt;) property &apos;employeeId&apos; was &quot;276&quot;, hasProperty(&quot;employeeId&quot;, is &lt;100&gt;) property &apos;employeeId&apos; was &quot;277&quot;, hasProperty(&quot;employeeId&quot;, is &lt;100&gt;) property &apos;employeeId&apos; was &quot;279&quot;, hasProperty(&quot;employeeId&quot;, is &lt;100&gt;) property &apos;employeeId&apos; was &quot;280&quot;, hasProperty(&quot;employeeId&quot;, is &lt;100&gt;) property &apos;employeeId&apos; was &quot;282&quot;, hasProperty(&quot;employeeId&quot;, is &lt;100&gt;) property &apos;employeeId&apos; was &quot;286&quot;, hasProperty(&quot;employeeId&quot;, is &lt;100&gt;) property &apos;employeeId&apos; was &quot;288&quot;, hasProperty(&quot;employeeId&quot;, is &lt;100&gt;) property &apos;employeeId&apos; was &quot;292&quot;, hasProperty(&quot;employeeId&quot;, is &lt;100&gt;) property &apos;employeeId&apos; was &quot;294&quot;, hasProperty(&quot;employeeId&quot;, is &lt;100&gt;) property &apos;employeeId&apos; was &quot;300&quot;, hasProperty(&quot;employeeId&quot;, is &lt;100&gt;) property &apos;employeeId&apos; was &quot;307&quot;, hasProperty(&quot;employeeId&quot;, is &lt;100&gt;) property &apos;employeeId&apos; was &quot;310&quot;, hasProperty(&quot;employeeId&quot;, is &lt;100&gt;) property &apos;employeeId&apos; was &quot;313&quot;, hasProperty(&quot;employeeId&quot;, is &lt;100&gt;) property &apos;employeeId&apos; was &quot;315&quot;, hasProperty(&quot;employeeId&quot;, is &lt;100&gt;) property &apos;employeeId&apos; was &quot;319&quot;, hasProperty(&quot;employeeId&quot;, is &lt;100&gt;) property &apos;employeeId&apos; was &quot;324&quot;, hasProperty(&quot;employeeId&quot;, is &lt;100&gt;) property &apos;employeeId&apos; was &quot;328&quot;, hasProperty(&quot;employeeId&quot;, is &lt;100&gt;) property &apos;employeeId&apos; was &quot;330&quot;, hasProperty(&quot;employeeId&quot;, is &lt;100&gt;) property &apos;employeeId&apos; was &quot;331&quot;, hasProperty(&quot;employeeId&quot;, is &lt;100&gt;) property &apos;employeeId&apos; was &quot;334&quot;, hasProperty(&quot;employeeId&quot;, is &lt;100&gt;) property &apos;employeeId&apos; was &quot;340&quot;, hasProperty(&quot;employeeId&quot;, is &lt;100&gt;) property &apos;employeeId&apos; was &quot;342&quot;, hasProperty(&quot;employeeId&quot;, is &lt;100&gt;) property &apos;employeeId&apos; was &quot;343&quot;, hasProperty(&quot;employeeId&quot;, is &lt;100&gt;) property &apos;employeeId&apos; was &quot;345&quot;, hasProperty(&quot;employeeId&quot;, is &lt;100&gt;) property &apos;employeeId&apos; was &quot;351&quot;, hasProperty(&quot;employeeId&quot;, is &lt;100&gt;) property &apos;employeeId&apos; was &quot;355&quot;, hasProperty(&quot;employeeId&quot;, is &lt;100&gt;) property &apos;employeeId&apos; was &quot;357&quot;, hasProperty(&quot;employeeId&quot;, is &lt;100&gt;) property &apos;employeeId&apos; was &quot;358&quot;, hasProperty(&quot;employeeId&quot;, is &lt;100&gt;) property &apos;employeeId&apos; was &quot;361&quot;, hasProperty(&quot;employeeId&quot;, is &lt;100&gt;) property &apos;employeeId&apos; was &quot;363&quot;, hasProperty(&quot;employeeId&quot;, is &lt;100&gt;) property &apos;employeeId&apos; was &quot;364&quot;, hasProperty(&quot;employeeId&quot;, is &lt;100&gt;) property &apos;employeeId&apos; was &quot;366&quot;, hasProperty(&quot;employeeId&quot;, is &lt;100&gt;) property &apos;employeeId&apos; was &quot;369&quot;, hasProperty(&quot;employeeId&quot;, is &lt;100&gt;) property &apos;employeeId&apos; was &quot;375&quot;, hasProperty(&quot;employeeId&quot;, is &lt;100&gt;) property &apos;employeeId&apos; was &quot;379&quot;, hasProperty(&quot;employeeId&quot;, is &lt;100&gt;) property &apos;employeeId&apos; was &quot;384&quot;, hasProperty(&quot;employeeId&quot;, is &lt;100&gt;) property &apos;employeeId&apos; was &quot;385&quot;, hasProperty(&quot;employeeId&quot;, is &lt;100&gt;) property &apos;employeeId&apos; was &quot;388&quot;, hasProperty(&quot;employeeId&quot;, is &lt;100&gt;) property &apos;employeeId&apos; was &quot;390&quot;, hasProperty(&quot;employeeId&quot;, is &lt;100&gt;) property &apos;employeeId&apos; was &quot;391&quot;, hasProperty(&quot;employeeId&quot;, is &lt;100&gt;) property &apos;employeeId&apos; was &quot;393&quot;, hasProperty(&quot;employeeId&quot;, is &lt;100&gt;) property &apos;employeeId&apos; was &quot;396&quot;, hasProperty(&quot;employeeId&quot;, is &lt;100&gt;) property &apos;employeeId&apos; was &quot;399&quot;, hasProperty(&quot;employeeId&quot;, is &lt;100&gt;) property &apos;employeeId&apos; was &quot;403&quot;, hasProperty(&quot;employeeId&quot;, is &lt;100&gt;) property &apos;employeeId&apos; was &quot;405&quot;, hasProperty(&quot;employeeId&quot;, is &lt;100&gt;) property &apos;employeeId&apos; was &quot;408&quot;, hasProperty(&quot;employeeId&quot;, is &lt;100&gt;) property &apos;employeeId&apos; was &quot;409&quot;, hasProperty(&quot;employeeId&quot;, is &lt;100&gt;) property &apos;employeeId&apos; was &quot;414&quot;, hasProperty(&quot;employeeId&quot;, is &lt;100&gt;) property &apos;employeeId&apos; was &quot;418&quot;, hasProperty(&quot;employeeId&quot;, is &lt;100&gt;) property &apos;employeeId&apos; was &quot;420&quot;, hasProperty(&quot;employeeId&quot;, is &lt;100&gt;) property &apos;employeeId&apos; was &quot;426&quot;, hasProperty(&quot;employeeId&quot;, is &lt;100&gt;) property &apos;employeeId&apos; was &quot;427&quot;, hasProperty(&quot;employeeId&quot;, is &lt;100&gt;) property &apos;employeeId&apos; was &quot;429&quot;, hasProperty(&quot;employeeId&quot;, is &lt;100&gt;) property &apos;employeeId&apos; was &quot;435&quot;, hasProperty(&quot;employeeId&quot;, is &lt;100&gt;) property &apos;employeeId&apos; was &quot;436&quot;, hasProperty(&quot;employeeId&quot;, is &lt;100&gt;) property &apos;employeeId&apos; was &quot;438&quot;, hasProperty(&quot;employeeId&quot;, is &lt;100&gt;) property &apos;employeeId&apos; was &quot;439&quot;, hasProperty(&quot;employeeId&quot;, is &lt;100&gt;) property &apos;employeeId&apos; was &quot;455&quot;, hasProperty(&quot;employeeId&quot;, is &lt;100&gt;) property &apos;employeeId&apos; was &quot;456&quot;, hasProperty(&quot;employeeId&quot;, is &lt;100&gt;) property &apos;employeeId&apos; was &quot;458&quot;, hasProperty(&quot;employeeId&quot;, is &lt;100&gt;) property &apos;employeeId&apos; was &quot;460&quot;, hasProperty(&quot;employeeId&quot;, is &lt;100&gt;) property &apos;employeeId&apos; was &quot;466&quot;, hasProperty(&quot;employeeId&quot;, is &lt;100&gt;) property &apos;employeeId&apos; was &quot;468&quot;, hasProperty(&quot;employeeId&quot;, is &lt;100&gt;) property &apos;employeeId&apos; was &quot;469&quot;, hasProperty(&quot;employeeId&quot;, is &lt;100&gt;) property &apos;employeeId&apos; was &quot;474&quot;, hasProperty(&quot;employeeId&quot;, is &lt;100&gt;) property &apos;employeeId&apos; was &quot;475&quot;, hasProperty(&quot;employeeId&quot;, is &lt;100&gt;) property &apos;employeeId&apos; was &quot;477&quot;, hasProperty(&quot;employeeId&quot;, is &lt;100&gt;) property &apos;employeeId&apos; was &quot;478&quot;, hasProperty(&quot;employeeId&quot;, is &lt;100&gt;) property &apos;employeeId&apos; was &quot;480&quot;, hasProperty(&quot;employeeId&quot;, is &lt;100&gt;) property &apos;employeeId&apos; was &quot;481&quot;, hasProperty(&quot;employeeId&quot;, is &lt;100&gt;) property &apos;employeeId&apos; was &quot;484&quot;, hasProperty(&quot;employeeId&quot;, is &lt;100&gt;) property &apos;employeeId&apos; was &quot;486&quot;, hasProperty(&quot;employeeId&quot;, is &lt;100&gt;) property &apos;employeeId&apos; was &quot;489&quot;, hasProperty(&quot;employeeId&quot;, is &lt;100&gt;) property &apos;employeeId&apos; was &quot;492&quot;, hasProperty(&quot;employeeId&quot;, is &lt;100&gt;) property &apos;employeeId&apos; was &quot;493&quot;, hasProperty(&quot;employeeId&quot;, is &lt;100&gt;) property &apos;employeeId&apos; was &quot;495&quot;, hasProperty(&quot;employeeId&quot;, is &lt;100&gt;) property &apos;employeeId&apos; was &quot;496&quot;, hasProperty(&quot;employeeId&quot;, is &lt;100&gt;) property &apos;employeeId&apos; was &quot;498&quot;, hasProperty(&quot;employeeId&quot;, is &lt;100&gt;) property &apos;employeeId&apos; was &quot;499&quot;, hasProperty(&quot;employeeId&quot;, is &lt;100&gt;) property &apos;employeeId&apos; was &quot;504&quot;, hasProperty(&quot;employeeId&quot;, is &lt;100&gt;) property &apos;employeeId&apos; was &quot;507&quot;, hasProperty(&quot;employeeId&quot;, is &lt;100&gt;) property &apos;employeeId&apos; was &quot;508&quot;, hasProperty(&quot;employeeId&quot;, is &lt;100&gt;) property &apos;employeeId&apos; was &quot;510&quot;, hasProperty(&quot;employeeId&quot;, is &lt;100&gt;) property &apos;employeeId&apos; was &quot;511&quot;, hasProperty(&quot;employeeId&quot;, is &lt;100&gt;) property &apos;employeeId&apos; was &quot;513&quot;, hasProperty(&quot;employeeId&quot;, is &lt;100&gt;) property &apos;employeeId&apos; was &quot;514&quot;, hasProperty(&quot;employeeId&quot;, is &lt;100&gt;) property &apos;employeeId&apos; was &quot;516&quot;, hasProperty(&quot;employeeId&quot;, is &lt;100&gt;) property &apos;employeeId&apos; was &quot;519&quot;, hasProperty(&quot;employeeId&quot;, is &lt;100&gt;) property &apos;employeeId&apos; was &quot;520&quot;, hasProperty(&quot;employeeId&quot;, is &lt;100&gt;) property &apos;employeeId&apos; was &quot;522&quot;, hasProperty(&quot;employeeId&quot;, is &lt;100&gt;) property &apos;employeeId&apos; was &quot;523&quot;, hasProperty(&quot;employeeId&quot;, is &lt;100&gt;) property &apos;employeeId&apos; was &quot;525&quot;, hasProperty(&quot;employeeId&quot;, is &lt;100&gt;) property &apos;employeeId&apos; was &quot;526&quot;" type="java.lang.AssertionError">java.lang.AssertionError: Model attribute &apos;employees&apos;
Expected: a collection containing (hasProperty(&quot;employeeId&quot;, is &lt;100&gt;) and hasProperty(&quot;login&quot;, is &quot;jgomez&quot;) and hasProperty(&quot;password&quot;, is &quot;123456&quot;) and hasProperty(&quot;firstname&quot;, is &quot;Jaime&quot;) and hasProperty(&quot;lastname&quot;, is &quot;Gomez&quot;) and hasProperty(&quot;salary&quot;, is &lt;2505&gt;))
     but: hasProperty(&quot;employeeId&quot;, is &lt;100&gt;) property &apos;employeeId&apos; was &quot;100&quot;, hasProperty(&quot;employeeId&quot;, is &lt;100&gt;) property &apos;employeeId&apos; was &quot;101&quot;, hasProperty(&quot;employeeId&quot;, is &lt;100&gt;) property &apos;employeeId&apos; was &quot;103&quot;, hasProperty(&quot;employeeId&quot;, is &lt;100&gt;) property &apos;employeeId&apos; was &quot;104&quot;, hasProperty(&quot;employeeId&quot;, is &lt;100&gt;) property &apos;employeeId&apos; was &quot;106&quot;, hasProperty(&quot;employeeId&quot;, is &lt;100&gt;) property &apos;employeeId&apos; was &quot;109&quot;, hasProperty(&quot;employeeId&quot;, is &lt;100&gt;) property &apos;employeeId&apos; was &quot;111&quot;, hasProperty(&quot;employeeId&quot;, is &lt;100&gt;) property &apos;employeeId&apos; was &quot;112&quot;, hasProperty(&quot;employeeId&quot;, is &lt;100&gt;) property &apos;employeeId&apos; was &quot;114&quot;, hasProperty(&quot;employeeId&quot;, is &lt;100&gt;) property &apos;employeeId&apos; was &quot;115&quot;, hasProperty(&quot;employeeId&quot;, is &lt;100&gt;) property &apos;employeeId&apos; was &quot;117&quot;, hasProperty(&quot;employeeId&quot;, is &lt;100&gt;) property &apos;employeeId&apos; was &quot;118&quot;, hasProperty(&quot;employeeId&quot;, is &lt;100&gt;) property &apos;employeeId&apos; was &quot;119&quot;, hasProperty(&quot;employeeId&quot;, is &lt;100&gt;) property &apos;employeeId&apos; was &quot;121&quot;, hasProperty(&quot;employeeId&quot;, is &lt;100&gt;) property &apos;employeeId&apos; was &quot;122&quot;, hasProperty(&quot;employeeId&quot;, is &lt;100&gt;) property &apos;employeeId&apos; was &quot;124&quot;, hasProperty(&quot;employeeId&quot;, is &lt;100&gt;) property &apos;employeeId&apos; was &quot;125&quot;, hasProperty(&quot;employeeId&quot;, is &lt;100&gt;) property &apos;employeeId&apos; was &quot;127&quot;, hasProperty(&quot;employeeId&quot;, is &lt;100&gt;) property &apos;employeeId&apos; was &quot;128&quot;, hasProperty(&quot;employeeId&quot;, is &lt;100&gt;) property &apos;employeeId&apos; was &quot;130&quot;, hasProperty(&quot;employeeId&quot;, is &lt;100&gt;) property &apos;employeeId&apos; was &quot;131&quot;, hasProperty(&quot;employeeId&quot;, is &lt;100&gt;) property &apos;employeeId&apos; was &quot;133&quot;, hasProperty(&quot;employeeId&quot;, is &lt;100&gt;) property &apos;employeeId&apos; was &quot;134&quot;, hasProperty(&quot;employeeId&quot;, is &lt;100&gt;) property &apos;employeeId&apos; was &quot;135&quot;, hasProperty(&quot;employeeId&quot;, is &lt;100&gt;) property &apos;employeeId&apos; was &quot;136&quot;, hasProperty(&quot;employeeId&quot;, is &lt;100&gt;) property &apos;employeeId&apos; was &quot;138&quot;, hasProperty(&quot;employeeId&quot;, is &lt;100&gt;) property &apos;employeeId&apos; was &quot;139&quot;, hasProperty(&quot;employeeId&quot;, is &lt;100&gt;) property &apos;employeeId&apos; was &quot;141&quot;, hasProperty(&quot;employeeId&quot;, is &lt;100&gt;) property &apos;employeeId&apos; was &quot;142&quot;, hasProperty(&quot;employeeId&quot;, is &lt;100&gt;) property &apos;employeeId&apos; was &quot;144&quot;, hasProperty(&quot;employeeId&quot;, is &lt;100&gt;) property &apos;employeeId&apos; was &quot;145&quot;, hasProperty(&quot;employeeId&quot;, is &lt;100&gt;) property &apos;employeeId&apos; was &quot;147&quot;, hasProperty(&quot;employeeId&quot;, is &lt;100&gt;) property &apos;employeeId&apos; was &quot;148&quot;, hasProperty(&quot;employeeId&quot;, is &lt;100&gt;) property &apos;employeeId&apos; was &quot;150&quot;, hasProperty(&quot;employeeId&quot;, is &lt;100&gt;) property &apos;employeeId&apos; was &quot;151&quot;, hasProperty(&quot;employeeId&quot;, is &lt;100&gt;) property &apos;employeeId&apos; was &quot;153&quot;, hasProperty(&quot;employeeId&quot;, is &lt;100&gt;) property &apos;employeeId&apos; was &quot;154&quot;, hasProperty(&quot;employeeId&quot;, is &lt;100&gt;) property &apos;employeeId&apos; was &quot;156&quot;, hasProperty(&quot;employeeId&quot;, is &lt;100&gt;) property &apos;employeeId&apos; was &quot;157&quot;, hasProperty(&quot;employeeId&quot;, is &lt;100&gt;) property &apos;employeeId&apos; was &quot;159&quot;, hasProperty(&quot;employeeId&quot;, is &lt;100&gt;) property &apos;employeeId&apos; was &quot;160&quot;, hasProperty(&quot;employeeId&quot;, is &lt;100&gt;) property &apos;employeeId&apos; was &quot;162&quot;, hasProperty(&quot;employeeId&quot;, is &lt;100&gt;) property &apos;employeeId&apos; was &quot;163&quot;, hasProperty(&quot;employeeId&quot;, is &lt;100&gt;) property &apos;employeeId&apos; was &quot;165&quot;, hasProperty(&quot;employeeId&quot;, is &lt;100&gt;) property &apos;employeeId&apos; was &quot;168&quot;, hasProperty(&quot;employeeId&quot;, is &lt;100&gt;) property &apos;employeeId&apos; was &quot;169&quot;, hasProperty(&quot;employeeId&quot;, is &lt;100&gt;) property &apos;employeeId&apos; was &quot;171&quot;, hasProperty(&quot;employeeId&quot;, is &lt;100&gt;) property &apos;employeeId&apos; was &quot;172&quot;, hasProperty(&quot;employeeId&quot;, is &lt;100&gt;) property &apos;employeeId&apos; was &quot;174&quot;, hasProperty(&quot;employeeId&quot;, is &lt;100&gt;) property &apos;employeeId&apos; was &quot;175&quot;, hasProperty(&quot;employeeId&quot;, is &lt;100&gt;) property &apos;employeeId&apos; was &quot;177&quot;, hasProperty(&quot;employeeId&quot;, is &lt;100&gt;) property &apos;employeeId&apos; was &quot;178&quot;, hasProperty(&quot;employeeId&quot;, is &lt;100&gt;) property &apos;employeeId&apos; was &quot;180&quot;, hasProperty(&quot;employeeId&quot;, is &lt;100&gt;) property &apos;employeeId&apos; was &quot;181&quot;, hasProperty(&quot;employeeId&quot;, is &lt;100&gt;) property &apos;employeeId&apos; was &quot;183&quot;, hasProperty(&quot;employeeId&quot;, is &lt;100&gt;) property &apos;employeeId&apos; was &quot;184&quot;, hasProperty(&quot;employeeId&quot;, is &lt;100&gt;) property &apos;employeeId&apos; was &quot;187&quot;, hasProperty(&quot;employeeId&quot;, is &lt;100&gt;) property &apos;employeeId&apos; was &quot;189&quot;, hasProperty(&quot;employeeId&quot;, is &lt;100&gt;) property &apos;employeeId&apos; was &quot;190&quot;, hasProperty(&quot;employeeId&quot;, is &lt;100&gt;) property &apos;employeeId&apos; was &quot;196&quot;, hasProperty(&quot;employeeId&quot;, is &lt;100&gt;) property &apos;employeeId&apos; was &quot;199&quot;, hasProperty(&quot;employeeId&quot;, is &lt;100&gt;) property &apos;employeeId&apos; was &quot;201&quot;, hasProperty(&quot;employeeId&quot;, is &lt;100&gt;) property &apos;employeeId&apos; was &quot;202&quot;, hasProperty(&quot;employeeId&quot;, is &lt;100&gt;) property &apos;employeeId&apos; was &quot;205&quot;, hasProperty(&quot;employeeId&quot;, is &lt;100&gt;) property &apos;employeeId&apos; was &quot;208&quot;, hasProperty(&quot;employeeId&quot;, is &lt;100&gt;) property &apos;employeeId&apos; was &quot;213&quot;, hasProperty(&quot;employeeId&quot;, is &lt;100&gt;) property &apos;employeeId&apos; was &quot;219&quot;, hasProperty(&quot;employeeId&quot;, is &lt;100&gt;) property &apos;employeeId&apos; was &quot;222&quot;, hasProperty(&quot;employeeId&quot;, is &lt;100&gt;) property &apos;employeeId&apos; was &quot;223&quot;, hasProperty(&quot;employeeId&quot;, is &lt;100&gt;) property &apos;employeeId&apos; was &quot;229&quot;, hasProperty(&quot;employeeId&quot;, is &lt;100&gt;) property &apos;employeeId&apos; was &quot;231&quot;, hasProperty(&quot;employeeId&quot;, is &lt;100&gt;) property &apos;employeeId&apos; was &quot;232&quot;, hasProperty(&quot;employeeId&quot;, is &lt;100&gt;) property &apos;employeeId&apos; was &quot;233&quot;, hasProperty(&quot;employeeId&quot;, is &lt;100&gt;) property &apos;employeeId&apos; was &quot;234&quot;, hasProperty(&quot;employeeId&quot;, is &lt;100&gt;) property &apos;employeeId&apos; was &quot;237&quot;, hasProperty(&quot;employeeId&quot;, is &lt;100&gt;) property &apos;employeeId&apos; was &quot;238&quot;, hasProperty(&quot;employeeId&quot;, is &lt;100&gt;) property &apos;employeeId&apos; was &quot;240&quot;, hasProperty(&quot;employeeId&quot;, is &lt;100&gt;) property &apos;employeeId&apos; was &quot;241&quot;, hasProperty(&quot;employeeId&quot;, is &lt;100&gt;) property &apos;employeeId&apos; was &quot;243&quot;, hasProperty(&quot;employeeId&quot;, is &lt;100&gt;) property &apos;employeeId&apos; was &quot;246&quot;, hasProperty(&quot;employeeId&quot;, is &lt;100&gt;) property &apos;employeeId&apos; was &quot;247&quot;, hasProperty(&quot;employeeId&quot;, is &lt;100&gt;) property &apos;employeeId&apos; was &quot;258&quot;, hasProperty(&quot;employeeId&quot;, is &lt;100&gt;) property &apos;employeeId&apos; was &quot;261&quot;, hasProperty(&quot;employeeId&quot;, is &lt;100&gt;) property &apos;employeeId&apos; was &quot;264&quot;, hasProperty(&quot;employeeId&quot;, is &lt;100&gt;) property &apos;employeeId&apos; was &quot;265&quot;, hasProperty(&quot;employeeId&quot;, is &lt;100&gt;) property &apos;employeeId&apos; was &quot;268&quot;, hasProperty(&quot;employeeId&quot;, is &lt;100&gt;) property &apos;employeeId&apos; was &quot;270&quot;, hasProperty(&quot;employeeId&quot;, is &lt;100&gt;) property &apos;employeeId&apos; was &quot;271&quot;, hasProperty(&quot;employeeId&quot;, is &lt;100&gt;) property &apos;employeeId&apos; was &quot;274&quot;, hasProperty(&quot;employeeId&quot;, is &lt;100&gt;) property &apos;employeeId&apos; was &quot;276&quot;, hasProperty(&quot;employeeId&quot;, is &lt;100&gt;) property &apos;employeeId&apos; was &quot;277&quot;, hasProperty(&quot;employeeId&quot;, is &lt;100&gt;) property &apos;employeeId&apos; was &quot;279&quot;, hasProperty(&quot;employeeId&quot;, is &lt;100&gt;) property &apos;employeeId&apos; was &quot;280&quot;, hasProperty(&quot;employeeId&quot;, is &lt;100&gt;) property &apos;employeeId&apos; was &quot;282&quot;, hasProperty(&quot;employeeId&quot;, is &lt;100&gt;) property &apos;employeeId&apos; was &quot;286&quot;, hasProperty(&quot;employeeId&quot;, is &lt;100&gt;) property &apos;employeeId&apos; was &quot;288&quot;, hasProperty(&quot;employeeId&quot;, is &lt;100&gt;) property &apos;employeeId&apos; was &quot;292&quot;, hasProperty(&quot;employeeId&quot;, is &lt;100&gt;) property &apos;employeeId&apos; was &quot;294&quot;, hasProperty(&quot;employeeId&quot;, is &lt;100&gt;) property &apos;employeeId&apos; was &quot;300&quot;, hasProperty(&quot;employeeId&quot;, is &lt;100&gt;) property &apos;employeeId&apos; was &quot;307&quot;, hasProperty(&quot;employeeId&quot;, is &lt;100&gt;) property &apos;employeeId&apos; was &quot;310&quot;, hasProperty(&quot;employeeId&quot;, is &lt;100&gt;) property &apos;employeeId&apos; was &quot;313&quot;, hasProperty(&quot;employeeId&quot;, is &lt;100&gt;) property &apos;employeeId&apos; was &quot;315&quot;, hasProperty(&quot;employeeId&quot;, is &lt;100&gt;) property &apos;employeeId&apos; was &quot;319&quot;, hasProperty(&quot;employeeId&quot;, is &lt;100&gt;) property &apos;employeeId&apos; was &quot;324&quot;, hasProperty(&quot;employeeId&quot;, is &lt;100&gt;) property &apos;employeeId&apos; was &quot;328&quot;, hasProperty(&quot;employeeId&quot;, is &lt;100&gt;) property &apos;employeeId&apos; was &quot;330&quot;, hasProperty(&quot;employeeId&quot;, is &lt;100&gt;) property &apos;employeeId&apos; was &quot;331&quot;, hasProperty(&quot;employeeId&quot;, is &lt;100&gt;) property &apos;employeeId&apos; was &quot;334&quot;, hasProperty(&quot;employeeId&quot;, is &lt;100&gt;) property &apos;employeeId&apos; was &quot;340&quot;, hasProperty(&quot;employeeId&quot;, is &lt;100&gt;) property &apos;employeeId&apos; was &quot;342&quot;, hasProperty(&quot;employeeId&quot;, is &lt;100&gt;) property &apos;employeeId&apos; was &quot;343&quot;, hasProperty(&quot;employeeId&quot;, is &lt;100&gt;) property &apos;employeeId&apos; was &quot;345&quot;, hasProperty(&quot;employeeId&quot;, is &lt;100&gt;) property &apos;employeeId&apos; was &quot;351&quot;, hasProperty(&quot;employeeId&quot;, is &lt;100&gt;) property &apos;employeeId&apos; was &quot;355&quot;, hasProperty(&quot;employeeId&quot;, is &lt;100&gt;) property &apos;employeeId&apos; was &quot;357&quot;, hasProperty(&quot;employeeId&quot;, is &lt;100&gt;) property &apos;employeeId&apos; was &quot;358&quot;, hasProperty(&quot;employeeId&quot;, is &lt;100&gt;) property &apos;employeeId&apos; was &quot;361&quot;, hasProperty(&quot;employeeId&quot;, is &lt;100&gt;) property &apos;employeeId&apos; was &quot;363&quot;, hasProperty(&quot;employeeId&quot;, is &lt;100&gt;) property &apos;employeeId&apos; was &quot;364&quot;, hasProperty(&quot;employeeId&quot;, is &lt;100&gt;) property &apos;employeeId&apos; was &quot;366&quot;, hasProperty(&quot;employeeId&quot;, is &lt;100&gt;) property &apos;employeeId&apos; was &quot;369&quot;, hasProperty(&quot;employeeId&quot;, is &lt;100&gt;) property &apos;employeeId&apos; was &quot;375&quot;, hasProperty(&quot;employeeId&quot;, is &lt;100&gt;) property &apos;employeeId&apos; was &quot;379&quot;, hasProperty(&quot;employeeId&quot;, is &lt;100&gt;) property &apos;employeeId&apos; was &quot;384&quot;, hasProperty(&quot;employeeId&quot;, is &lt;100&gt;) property &apos;employeeId&apos; was &quot;385&quot;, hasProperty(&quot;employeeId&quot;, is &lt;100&gt;) property &apos;employeeId&apos; was &quot;388&quot;, hasProperty(&quot;employeeId&quot;, is &lt;100&gt;) property &apos;employeeId&apos; was &quot;390&quot;, hasProperty(&quot;employeeId&quot;, is &lt;100&gt;) property &apos;employeeId&apos; was &quot;391&quot;, hasProperty(&quot;employeeId&quot;, is &lt;100&gt;) property &apos;employeeId&apos; was &quot;393&quot;, hasProperty(&quot;employeeId&quot;, is &lt;100&gt;) property &apos;employeeId&apos; was &quot;396&quot;, hasProperty(&quot;employeeId&quot;, is &lt;100&gt;) property &apos;employeeId&apos; was &quot;399&quot;, hasProperty(&quot;employeeId&quot;, is &lt;100&gt;) property &apos;employeeId&apos; was &quot;403&quot;, hasProperty(&quot;employeeId&quot;, is &lt;100&gt;) property &apos;employeeId&apos; was &quot;405&quot;, hasProperty(&quot;employeeId&quot;, is &lt;100&gt;) property &apos;employeeId&apos; was &quot;408&quot;, hasProperty(&quot;employeeId&quot;, is &lt;100&gt;) property &apos;employeeId&apos; was &quot;409&quot;, hasProperty(&quot;employeeId&quot;, is &lt;100&gt;) property &apos;employeeId&apos; was &quot;414&quot;, hasProperty(&quot;employeeId&quot;, is &lt;100&gt;) property &apos;employeeId&apos; was &quot;418&quot;, hasProperty(&quot;employeeId&quot;, is &lt;100&gt;) property &apos;employeeId&apos; was &quot;420&quot;, hasProperty(&quot;employeeId&quot;, is &lt;100&gt;) property &apos;employeeId&apos; was &quot;426&quot;, hasProperty(&quot;employeeId&quot;, is &lt;100&gt;) property &apos;employeeId&apos; was &quot;427&quot;, hasProperty(&quot;employeeId&quot;, is &lt;100&gt;) property &apos;employeeId&apos; was &quot;429&quot;, hasProperty(&quot;employeeId&quot;, is &lt;100&gt;) property &apos;employeeId&apos; was &quot;435&quot;, hasProperty(&quot;employeeId&quot;, is &lt;100&gt;) property &apos;employeeId&apos; was &quot;436&quot;, hasProperty(&quot;employeeId&quot;, is &lt;100&gt;) property &apos;employeeId&apos; was &quot;438&quot;, hasProperty(&quot;employeeId&quot;, is &lt;100&gt;) property &apos;employeeId&apos; was &quot;439&quot;, hasProperty(&quot;employeeId&quot;, is &lt;100&gt;) property &apos;employeeId&apos; was &quot;455&quot;, hasProperty(&quot;employeeId&quot;, is &lt;100&gt;) property &apos;employeeId&apos; was &quot;456&quot;, hasProperty(&quot;employeeId&quot;, is &lt;100&gt;) property &apos;employeeId&apos; was &quot;458&quot;, hasProperty(&quot;employeeId&quot;, is &lt;100&gt;) property &apos;employeeId&apos; was &quot;460&quot;, hasProperty(&quot;employeeId&quot;, is &lt;100&gt;) property &apos;employeeId&apos; was &quot;466&quot;, hasProperty(&quot;employeeId&quot;, is &lt;100&gt;) property &apos;employeeId&apos; was &quot;468&quot;, hasProperty(&quot;employeeId&quot;, is &lt;100&gt;) property &apos;employeeId&apos; was &quot;469&quot;, hasProperty(&quot;employeeId&quot;, is &lt;100&gt;) property &apos;employeeId&apos; was &quot;474&quot;, hasProperty(&quot;employeeId&quot;, is &lt;100&gt;) property &apos;employeeId&apos; was &quot;475&quot;, hasProperty(&quot;employeeId&quot;, is &lt;100&gt;) property &apos;employeeId&apos; was &quot;477&quot;, hasProperty(&quot;employeeId&quot;, is &lt;100&gt;) property &apos;employeeId&apos; was &quot;478&quot;, hasProperty(&quot;employeeId&quot;, is &lt;100&gt;) property &apos;employeeId&apos; was &quot;480&quot;, hasProperty(&quot;employeeId&quot;, is &lt;100&gt;) property &apos;employeeId&apos; was &quot;481&quot;, hasProperty(&quot;employeeId&quot;, is &lt;100&gt;) property &apos;employeeId&apos; was &quot;484&quot;, hasProperty(&quot;employeeId&quot;, is &lt;100&gt;) property &apos;employeeId&apos; was &quot;486&quot;, hasProperty(&quot;employeeId&quot;, is &lt;100&gt;) property &apos;employeeId&apos; was &quot;489&quot;, hasProperty(&quot;employeeId&quot;, is &lt;100&gt;) property &apos;employeeId&apos; was &quot;492&quot;, hasProperty(&quot;employeeId&quot;, is &lt;100&gt;) property &apos;employeeId&apos; was &quot;493&quot;, hasProperty(&quot;employeeId&quot;, is &lt;100&gt;) property &apos;employeeId&apos; was &quot;495&quot;, hasProperty(&quot;employeeId&quot;, is &lt;100&gt;) property &apos;employeeId&apos; was &quot;496&quot;, hasProperty(&quot;employeeId&quot;, is &lt;100&gt;) property &apos;employeeId&apos; was &quot;498&quot;, hasProperty(&quot;employeeId&quot;, is &lt;100&gt;) property &apos;employeeId&apos; was &quot;499&quot;, hasProperty(&quot;employeeId&quot;, is &lt;100&gt;) property &apos;employeeId&apos; was &quot;504&quot;, hasProperty(&quot;employeeId&quot;, is &lt;100&gt;) property &apos;employeeId&apos; was &quot;507&quot;, hasProperty(&quot;employeeId&quot;, is &lt;100&gt;) property &apos;employeeId&apos; was &quot;508&quot;, hasProperty(&quot;employeeId&quot;, is &lt;100&gt;) property &apos;employeeId&apos; was &quot;510&quot;, hasProperty(&quot;employeeId&quot;, is &lt;100&gt;) property &apos;employeeId&apos; was &quot;511&quot;, hasProperty(&quot;employeeId&quot;, is &lt;100&gt;) property &apos;employeeId&apos; was &quot;513&quot;, hasProperty(&quot;employeeId&quot;, is &lt;100&gt;) property &apos;employeeId&apos; was &quot;514&quot;, hasProperty(&quot;employeeId&quot;, is &lt;100&gt;) property &apos;employeeId&apos; was &quot;516&quot;, hasProperty(&quot;employeeId&quot;, is &lt;100&gt;) property &apos;employeeId&apos; was &quot;519&quot;, hasProperty(&quot;employeeId&quot;, is &lt;100&gt;) property &apos;employeeId&apos; was &quot;520&quot;, hasProperty(&quot;employeeId&quot;, is &lt;100&gt;) property &apos;employeeId&apos; was &quot;522&quot;, hasProperty(&quot;employeeId&quot;, is &lt;100&gt;) property &apos;employeeId&apos; was &quot;523&quot;, hasProperty(&quot;employeeId&quot;, is &lt;100&gt;) property &apos;employeeId&apos; was &quot;525&quot;, hasProperty(&quot;employeeId&quot;, is &lt;100&gt;) property &apos;employeeId&apos; was &quot;526&quot;
	at org.hamcrest.MatcherAssert.assertThat(MatcherAssert.java:20)
	at org.springframework.test.web.servlet.result.ModelResultMatchers.lambda$attribute$0(ModelResultMatchers.java:58)
	at org.springframework.test.web.servlet.MockMvc$1.andExpect(MockMvc.java:164)
	at com.tecsup.SpringMVC.controller.EmployeeControllerIntegrationTest.list(EmployeeControllerIntegrationTest.java:53)
	at sun.reflect.NativeMethodAccessorImpl.invoke0(Native Method)
	at sun.reflect.NativeMethodAccessorImpl.invoke(NativeMethodAccessorImpl.java:62)
	at sun.reflect.DelegatingMethodAccessorImpl.invoke(DelegatingMethodAccessorImpl.java:43)
	at java.lang.reflect.Method.invoke(Method.java:498)
	at org.junit.runners.model.FrameworkMethod$1.runReflectiveCall(FrameworkMethod.java:50)
	at org.junit.internal.runners.model.ReflectiveCallable.run(ReflectiveCallable.java:12)
	at org.junit.runners.model.FrameworkMethod.invokeExplosively(FrameworkMethod.java:47)
	at org.junit.internal.runners.statements.InvokeMethod.evaluate(InvokeMethod.java:17)
	at org.springframework.test.context.junit4.statements.RunBeforeTestExecutionCallbacks.evaluate(RunBeforeTestExecutionCallbacks.java:73)
	at org.springframework.test.context.junit4.statements.RunAfterTestExecutionCallbacks.evaluate(RunAfterTestExecutionCallbacks.java:83)
	at org.junit.internal.runners.statements.RunBefores.evaluate(RunBefores.java:26)
	at org.springframework.test.context.junit4.statements.RunBeforeTestMethodCallbacks.evaluate(RunBeforeTestMethodCallbacks.java:75)
	at org.springframework.test.context.junit4.statements.RunAfterTestMethodCallbacks.evaluate(RunAfterTestMethodCallbacks.java:86)
	at org.springframework.test.context.junit4.statements.SpringRepeat.evaluate(SpringRepeat.java:84)
	at org.junit.runners.ParentRunner.runLeaf(ParentRunner.java:325)
	at org.springframework.test.context.junit4.SpringJUnit4ClassRunner.runChild(SpringJUnit4ClassRunner.java:251)
	at org.springframework.test.context.junit4.SpringJUnit4ClassRunner.runChild(SpringJUnit4ClassRunner.java:97)
	at org.junit.runners.ParentRunner$3.run(ParentRunner.java:290)
	at org.junit.runners.ParentRunner$1.schedule(ParentRunner.java:71)
	at org.junit.runners.ParentRunner.runChildren(ParentRunner.java:288)
	at org.junit.runners.ParentRunner.access$000(ParentRunner.java:58)
	at org.junit.runners.ParentRunner$2.evaluate(ParentRunner.java:268)
	at org.springframework.test.context.junit4.statements.RunBeforeTestClassCallbacks.evaluate(RunBeforeTestClassCallbacks.java:61)
	at org.springframework.test.context.junit4.statements.RunAfterTestClassCallbacks.evaluate(RunAfterTestClassCallbacks.java:70)
	at org.junit.runners.ParentRunner.run(ParentRunner.java:363)
	at org.springframework.test.context.junit4.SpringJUnit4ClassRunner.run(SpringJUnit4ClassRunner.java:190)
	at org.apache.maven.surefire.junit4.JUnit4Provider.execute(JUnit4Provider.java:252)
	at org.apache.maven.surefire.junit4.JUnit4Provider.executeTestSet(JUnit4Provider.java:141)
	at org.apache.maven.surefire.junit4.JUnit4Provider.invoke(JUnit4Provider.java:112)
	at sun.reflect.NativeMethodAccessorImpl.invoke0(Native Method)
	at sun.reflect.NativeMethodAccessorImpl.invoke(NativeMethodAccessorImpl.java:62)
	at sun.reflect.DelegatingMethodAccessorImpl.invoke(DelegatingMethodAccessorImpl.java:43)
	at java.lang.reflect.Method.invoke(Method.java:498)
	at org.apache.maven.surefire.util.ReflectionUtils.invokeMethodWithArray(ReflectionUtils.java:189)
	at org.apache.maven.surefire.booter.ProviderFactory$ProviderProxy.invoke(ProviderFactory.java:165)
	at org.apache.maven.surefire.booter.ProviderFactory.invokeProvider(ProviderFactory.java:85)
	at org.apache.maven.surefire.booter.ForkedBooter.runSuitesInProcess(ForkedBooter.java:115)
	at org.apache.maven.surefire.booter.ForkedBooter.main(ForkedBooter.java:75)
</failure>
    <system-out>INFO :  org.springframework.test.context.web.WebTestContextBootstrapper [getDefaultTestExecutionListenerClassNames()] - Loaded default TestExecutionListener class names from location [META-INF/spring.factories]: [org.springframework.test.context.web.ServletTestExecutionListener, org.springframework.test.context.support.DirtiesContextBeforeModesTestExecutionListener, org.springframework.test.context.support.DependencyInjectionTestExecutionListener, org.springframework.test.context.support.DirtiesContextTestExecutionListener, org.springframework.test.context.transaction.TransactionalTestExecutionListener, org.springframework.test.context.jdbc.SqlScriptsTestExecutionListener]
INFO :  org.springframework.test.context.web.WebTestContextBootstrapper [getTestExecutionListeners()] - Using TestExecutionListeners: [org.springframework.test.context.web.ServletTestExecutionListener@5d76b067, org.springframework.test.context.support.DirtiesContextBeforeModesTestExecutionListener@2a17b7b6, org.springframework.test.context.support.DependencyInjectionTestExecutionListener@4f063c0a, org.springframework.test.context.support.DirtiesContextTestExecutionListener@1e6d1014, org.springframework.test.context.transaction.TransactionalTestExecutionListener@76707e36, org.springframework.test.context.jdbc.SqlScriptsTestExecutionListener@614ddd49]
INFO :  org.springframework.beans.factory.xml.XmlBeanDefinitionReader [loadBeanDefinitions()] - Loading XML bean definitions from URL [file:src/main/webapp/WEB-INF/spring/appServlet/servlet-context.xml]
INFO :  org.springframework.web.context.support.GenericWebApplicationContext [prepareRefresh()] - Refreshing org.springframework.web.context.support.GenericWebApplicationContext@c46bcd4: startup date [Tue Nov 07 09:57:31 COT 2017]; root of context hierarchy
INFO :  org.springframework.beans.factory.annotation.AutowiredAnnotationBeanPostProcessor [&lt;init&gt;()] - JSR-330 &apos;javax.inject.Inject&apos; annotation found and supported for autowiring
INFO :  org.springframework.web.servlet.mvc.method.annotation.RequestMappingHandlerMapping [register()] - Mapped &quot;{[/admin/emp/{action}/{employee_id}],methods=[GET]}&quot; onto public org.springframework.web.servlet.ModelAndView com.tecsup.SpringMVC.controller.EmployeeController.form(java.lang.String,int,org.springframework.ui.ModelMap)
INFO :  org.springframework.web.servlet.mvc.method.annotation.RequestMappingHandlerMapping [register()] - Mapped &quot;{[/admin/emp/list],methods=[GET]}&quot; onto public java.lang.String com.tecsup.SpringMVC.controller.EmployeeController.list(com.tecsup.SpringMVC.model.Employee,org.springframework.ui.ModelMap)
INFO :  org.springframework.web.servlet.mvc.method.annotation.RequestMappingHandlerMapping [register()] - Mapped &quot;{[/admin/emp/editsave],methods=[POST]}&quot; onto public org.springframework.web.servlet.ModelAndView com.tecsup.SpringMVC.controller.EmployeeController.editsave(com.tecsup.SpringMVC.model.Employee,org.springframework.ui.ModelMap)
INFO :  org.springframework.web.servlet.mvc.method.annotation.RequestMappingHandlerMapping [register()] - Mapped &quot;{[/admin/menu],methods=[GET]}&quot; onto public java.lang.String com.tecsup.SpringMVC.controller.EmployeeController.menu()
INFO :  org.springframework.web.servlet.mvc.method.annotation.RequestMappingHandlerMapping [register()] - Mapped &quot;{[/login],methods=[POST]}&quot; onto public org.springframework.web.servlet.ModelAndView com.tecsup.SpringMVC.controller.LoginController.login(com.tecsup.SpringMVC.model.Employee,org.springframework.ui.ModelMap)
INFO :  org.springframework.web.servlet.mvc.method.annotation.RequestMappingHandlerMapping [register()] - Mapped &quot;{[/login],methods=[GET]}&quot; onto public org.springframework.web.servlet.ModelAndView com.tecsup.SpringMVC.controller.LoginController.preLogin()
INFO :  org.springframework.web.servlet.mvc.method.annotation.RequestMappingHandlerMapping [register()] - Mapped &quot;{[/],methods=[GET]}&quot; onto public java.lang.String com.tecsup.SpringMVC.HomeController.home(java.util.Locale,org.springframework.ui.Model)
INFO :  org.springframework.web.servlet.mvc.method.annotation.RequestMappingHandlerAdapter [initControllerAdviceCache()] - Looking for @ControllerAdvice: org.springframework.web.context.support.GenericWebApplicationContext@c46bcd4: startup date [Tue Nov 07 09:57:31 COT 2017]; root of context hierarchy
INFO :  org.springframework.web.servlet.mvc.method.annotation.RequestMappingHandlerAdapter [initControllerAdviceCache()] - Looking for @ControllerAdvice: org.springframework.web.context.support.GenericWebApplicationContext@c46bcd4: startup date [Tue Nov 07 09:57:31 COT 2017]; root of context hierarchy
INFO :  org.springframework.web.servlet.handler.SimpleUrlHandlerMapping [registerHandler()] - Mapped URL path [/resources/**] onto handler &apos;org.springframework.web.servlet.resource.ResourceHttpRequestHandler#0&apos;
INFO :  org.springframework.jdbc.datasource.DriverManagerDataSource [setDriverClassName()] - Loaded JDBC driver: com.mysql.jdbc.Driver
INFO :  org.springframework.mock.web.MockServletContext [log()] - Initializing Spring FrameworkServlet &apos;&apos;
INFO :  org.springframework.test.web.servlet.TestDispatcherServlet [initServletBean()] - FrameworkServlet &apos;&apos;: initialization started
INFO :  org.springframework.test.web.servlet.TestDispatcherServlet [initServletBean()] - FrameworkServlet &apos;&apos;: initialization completed in 25 ms
</system-out>
  </testcase>
  <testcase classname="com.tecsup.SpringMVC.controller.EmployeeControllerIntegrationTest" name="givenWac_whenServletContext_thenItProvidesGreetController" time="0.026"/>
  <testcase classname="com.tecsup.SpringMVC.controller.EmployeeControllerIntegrationTest" name="editForm" time="0.079">
    <failure message="Model attribute &apos;command&apos;
Expected: hasProperty(&quot;employeeId&quot;, is &lt;100&gt;)
     but: property &apos;employeeId&apos; was &quot;100&quot;" type="java.lang.AssertionError">java.lang.AssertionError: Model attribute &apos;command&apos;
Expected: hasProperty(&quot;employeeId&quot;, is &lt;100&gt;)
     but: property &apos;employeeId&apos; was &quot;100&quot;
	at org.hamcrest.MatcherAssert.assertThat(MatcherAssert.java:20)
	at org.springframework.test.web.servlet.result.ModelResultMatchers.lambda$attribute$0(ModelResultMatchers.java:58)
	at org.springframework.test.web.servlet.MockMvc$1.andExpect(MockMvc.java:164)
	at com.tecsup.SpringMVC.controller.EmployeeControllerIntegrationTest.editForm(EmployeeControllerIntegrationTest.java:72)
	at sun.reflect.NativeMethodAccessorImpl.invoke0(Native Method)
	at sun.reflect.NativeMethodAccessorImpl.invoke(NativeMethodAccessorImpl.java:62)
	at sun.reflect.DelegatingMethodAccessorImpl.invoke(DelegatingMethodAccessorImpl.java:43)
	at java.lang.reflect.Method.invoke(Method.java:498)
	at org.junit.runners.model.FrameworkMethod$1.runReflectiveCall(FrameworkMethod.java:50)
	at org.junit.internal.runners.model.ReflectiveCallable.run(ReflectiveCallable.java:12)
	at org.junit.runners.model.FrameworkMethod.invokeExplosively(FrameworkMethod.java:47)
	at org.junit.internal.runners.statements.InvokeMethod.evaluate(InvokeMethod.java:17)
	at org.springframework.test.context.junit4.statements.RunBeforeTestExecutionCallbacks.evaluate(RunBeforeTestExecutionCallbacks.java:73)
	at org.springframework.test.context.junit4.statements.RunAfterTestExecutionCallbacks.evaluate(RunAfterTestExecutionCallbacks.java:83)
	at org.junit.internal.runners.statements.RunBefores.evaluate(RunBefores.java:26)
	at org.springframework.test.context.junit4.statements.RunBeforeTestMethodCallbacks.evaluate(RunBeforeTestMethodCallbacks.java:75)
	at org.springframework.test.context.junit4.statements.RunAfterTestMethodCallbacks.evaluate(RunAfterTestMethodCallbacks.java:86)
	at org.springframework.test.context.junit4.statements.SpringRepeat.evaluate(SpringRepeat.java:84)
	at org.junit.runners.ParentRunner.runLeaf(ParentRunner.java:325)
	at org.springframework.test.context.junit4.SpringJUnit4ClassRunner.runChild(SpringJUnit4ClassRunner.java:251)
	at org.springframework.test.context.junit4.SpringJUnit4ClassRunner.runChild(SpringJUnit4ClassRunner.java:97)
	at org.junit.runners.ParentRunner$3.run(ParentRunner.java:290)
	at org.junit.runners.ParentRunner$1.schedule(ParentRunner.java:71)
	at org.junit.runners.ParentRunner.runChildren(ParentRunner.java:288)
	at org.junit.runners.ParentRunner.access$000(ParentRunner.java:58)
	at org.junit.runners.ParentRunner$2.evaluate(ParentRunner.java:268)
	at org.springframework.test.context.junit4.statements.RunBeforeTestClassCallbacks.evaluate(RunBeforeTestClassCallbacks.java:61)
	at org.springframework.test.context.junit4.statements.RunAfterTestClassCallbacks.evaluate(RunAfterTestClassCallbacks.java:70)
	at org.junit.runners.ParentRunner.run(ParentRunner.java:363)
	at org.springframework.test.context.junit4.SpringJUnit4ClassRunner.run(SpringJUnit4ClassRunner.java:190)
	at org.apache.maven.surefire.junit4.JUnit4Provider.execute(JUnit4Provider.java:252)
	at org.apache.maven.surefire.junit4.JUnit4Provider.executeTestSet(JUnit4Provider.java:141)
	at org.apache.maven.surefire.junit4.JUnit4Provider.invoke(JUnit4Provider.java:112)
	at sun.reflect.NativeMethodAccessorImpl.invoke0(Native Method)
	at sun.reflect.NativeMethodAccessorImpl.invoke(NativeMethodAccessorImpl.java:62)
	at sun.reflect.DelegatingMethodAccessorImpl.invoke(DelegatingMethodAccessorImpl.java:43)
	at java.lang.reflect.Method.invoke(Method.java:498)
	at org.apache.maven.surefire.util.ReflectionUtils.invokeMethodWithArray(ReflectionUtils.java:189)
	at org.apache.maven.surefire.booter.ProviderFactory$ProviderProxy.invoke(ProviderFactory.java:165)
	at org.apache.maven.surefire.booter.ProviderFactory.invokeProvider(ProviderFactory.java:85)
	at org.apache.maven.surefire.booter.ForkedBooter.runSuitesInProcess(ForkedBooter.java:115)
	at org.apache.maven.surefire.booter.ForkedBooter.main(ForkedBooter.java:75)
</failure>
    <system-out>INFO :  org.springframework.mock.web.MockServletContext [log()] - Initializing Spring FrameworkServlet &apos;&apos;
INFO :  org.springframework.test.web.servlet.TestDispatcherServlet [initServletBean()] - FrameworkServlet &apos;&apos;: initialization started
INFO :  org.springframework.test.web.servlet.TestDispatcherServlet [initServletBean()] - FrameworkServlet &apos;&apos;: initialization completed in 4 ms
INFO :  com.tecsup.SpringMVC.controller.EmployeeController [form()] - action = editform
INFO :  com.tecsup.SpringMVC.controller.EmployeeController [form()] - Employee [login=jgomez, password=123456, employeeId=100, firstname=Jaime, lastname=Gomez, salary=2505]
</system-out>
  </testcase>
</testsuite>